{"/Users/rahul/.gemini/antigravity/scratch/cobalt-clone/src/server.ts": {"path":"/Users/rahul/.gemini/antigravity/scratch/cobalt-clone/src/server.ts","statementMap":{"0":{"start":{"line":14,"column":19},"end":{"line":14,"column":49}},"1":{"start":{"line":15,"column":18},"end":{"line":15,"column":42}},"2":{"start":{"line":17,"column":12},"end":{"line":17,"column":21}},"3":{"start":{"line":18,"column":13},"end":{"line":18,"column":37}},"4":{"start":{"line":19,"column":20},"end":{"line":19,"column":55}},"5":{"start":{"line":20,"column":25},"end":{"line":20,"column":75}},"6":{"start":{"line":21,"column":21},"end":{"line":21,"column":68}},"7":{"start":{"line":22,"column":20},"end":{"line":22,"column":57}},"8":{"start":{"line":24,"column":24},"end":{"line":24,"column":56}},"9":{"start":{"line":27,"column":0},"end":{"line":35,"column":4}},"10":{"start":{"line":37,"column":24},"end":{"line":44,"column":2}},"11":{"start":{"line":43,"column":16},"end":{"line":43,"column":47}},"12":{"start":{"line":46,"column":0},"end":{"line":50,"column":4}},"13":{"start":{"line":52,"column":0},"end":{"line":52,"column":24}},"14":{"start":{"line":53,"column":0},"end":{"line":53,"column":34}},"15":{"start":{"line":55,"column":21},"end":{"line":55,"column":67}},"16":{"start":{"line":56,"column":0},"end":{"line":58,"column":1}},"17":{"start":{"line":57,"column":4},"end":{"line":57,"column":52}},"18":{"start":{"line":60,"column":31},"end":{"line":82,"column":1}},"19":{"start":{"line":61,"column":4},"end":{"line":81,"column":5}},"20":{"start":{"line":62,"column":22},"end":{"line":62,"column":61}},"21":{"start":{"line":63,"column":20},"end":{"line":63,"column":30}},"22":{"start":{"line":64,"column":20},"end":{"line":64,"column":21}},"23":{"start":{"line":65,"column":8},"end":{"line":77,"column":9}},"24":{"start":{"line":66,"column":12},"end":{"line":66,"column":46}},"25":{"start":{"line":66,"column":37},"end":{"line":66,"column":46}},"26":{"start":{"line":67,"column":29},"end":{"line":67,"column":58}},"27":{"start":{"line":68,"column":12},"end":{"line":76,"column":13}},"28":{"start":{"line":69,"column":30},"end":{"line":69,"column":62}},"29":{"start":{"line":70,"column":16},"end":{"line":73,"column":17}},"30":{"start":{"line":71,"column":20},"end":{"line":71,"column":55}},"31":{"start":{"line":72,"column":20},"end":{"line":72,"column":28}},"32":{"start":{"line":75,"column":16},"end":{"line":75,"column":82}},"33":{"start":{"line":78,"column":8},"end":{"line":78,"column":75}},"34":{"start":{"line":78,"column":23},"end":{"line":78,"column":75}},"35":{"start":{"line":80,"column":8},"end":{"line":80,"column":77}},"36":{"start":{"line":84,"column":24},"end":{"line":84,"column":70}},"37":{"start":{"line":85,"column":0},"end":{"line":87,"column":1}},"38":{"start":{"line":86,"column":4},"end":{"line":86,"column":28}},"39":{"start":{"line":90,"column":55},"end":{"line":90,"column":59}},"40":{"start":{"line":91,"column":31},"end":{"line":91,"column":73}},"41":{"start":{"line":92,"column":15},"end":{"line":92,"column":75}},"42":{"start":{"line":94,"column":21},"end":{"line":94,"column":44}},"43":{"start":{"line":95,"column":22},"end":{"line":95,"column":53}},"44":{"start":{"line":97,"column":4},"end":{"line":100,"column":5}},"45":{"start":{"line":98,"column":8},"end":{"line":98,"column":49}},"46":{"start":{"line":99,"column":8},"end":{"line":99,"column":20}},"47":{"start":{"line":102,"column":4},"end":{"line":105,"column":5}},"48":{"start":{"line":103,"column":8},"end":{"line":103,"column":37}},"49":{"start":{"line":104,"column":8},"end":{"line":104,"column":20}},"50":{"start":{"line":107,"column":4},"end":{"line":110,"column":5}},"51":{"start":{"line":108,"column":8},"end":{"line":108,"column":32}},"52":{"start":{"line":109,"column":8},"end":{"line":109,"column":20}},"53":{"start":{"line":112,"column":4},"end":{"line":115,"column":5}},"54":{"start":{"line":113,"column":8},"end":{"line":113,"column":52}},"55":{"start":{"line":114,"column":8},"end":{"line":114,"column":20}},"56":{"start":{"line":117,"column":31},"end":{"line":117,"column":84}},"57":{"start":{"line":118,"column":22},"end":{"line":118,"column":83}},"58":{"start":{"line":120,"column":22},"end":{"line":120,"column":24}},"59":{"start":{"line":121,"column":4},"end":{"line":124,"column":5}},"60":{"start":{"line":122,"column":20},"end":{"line":122,"column":44}},"61":{"start":{"line":123,"column":8},"end":{"line":123,"column":68}},"62":{"start":{"line":123,"column":35},"end":{"line":123,"column":68}},"63":{"start":{"line":126,"column":23},"end":{"line":126,"column":25}},"64":{"start":{"line":127,"column":4},"end":{"line":129,"column":61}},"65":{"start":{"line":127,"column":26},"end":{"line":127,"column":58}},"66":{"start":{"line":128,"column":9},"end":{"line":129,"column":61}},"67":{"start":{"line":128,"column":30},"end":{"line":128,"column":62}},"68":{"start":{"line":129,"column":9},"end":{"line":129,"column":61}},"69":{"start":{"line":129,"column":30},"end":{"line":129,"column":61}},"70":{"start":{"line":131,"column":22},"end":{"line":131,"column":190}},"71":{"start":{"line":133,"column":4},"end":{"line":133,"column":31}},"72":{"start":{"line":134,"column":4},"end":{"line":134,"column":59}},"73":{"start":{"line":136,"column":4},"end":{"line":136,"column":16}},"74":{"start":{"line":139,"column":0},"end":{"line":146,"column":3}},"75":{"start":{"line":140,"column":4},"end":{"line":145,"column":7}},"76":{"start":{"line":148,"column":0},"end":{"line":157,"column":3}},"77":{"start":{"line":149,"column":21},"end":{"line":149,"column":29}},"78":{"start":{"line":150,"column":4},"end":{"line":155,"column":5}},"79":{"start":{"line":151,"column":23},"end":{"line":151,"column":49}},"80":{"start":{"line":152,"column":8},"end":{"line":152,"column":39}},"81":{"start":{"line":153,"column":8},"end":{"line":153,"column":37}},"82":{"start":{"line":154,"column":8},"end":{"line":154,"column":43}},"83":{"start":{"line":156,"column":4},"end":{"line":156,"column":58}},"84":{"start":{"line":159,"column":0},"end":{"line":220,"column":3}},"85":{"start":{"line":160,"column":23},"end":{"line":160,"column":28}},"86":{"start":{"line":162,"column":25},"end":{"line":166,"column":5}},"87":{"start":{"line":163,"column":8},"end":{"line":163,"column":33}},"88":{"start":{"line":163,"column":26},"end":{"line":163,"column":33}},"89":{"start":{"line":164,"column":8},"end":{"line":164,"column":28}},"90":{"start":{"line":165,"column":8},"end":{"line":165,"column":38}},"91":{"start":{"line":169,"column":23},"end":{"line":169,"column":57}},"92":{"start":{"line":170,"column":4},"end":{"line":176,"column":5}},"93":{"start":{"line":171,"column":25},"end":{"line":171,"column":79}},"94":{"start":{"line":171,"column":58},"end":{"line":171,"column":67}},"95":{"start":{"line":172,"column":8},"end":{"line":175,"column":11}},"96":{"start":{"line":178,"column":20},"end":{"line":178,"column":35}},"97":{"start":{"line":179,"column":17},"end":{"line":179,"column":36}},"98":{"start":{"line":180,"column":17},"end":{"line":180,"column":87}},"99":{"start":{"line":181,"column":4},"end":{"line":181,"column":19}},"100":{"start":{"line":183,"column":25},"end":{"line":183,"column":49}},"101":{"start":{"line":184,"column":4},"end":{"line":184,"column":80}},"102":{"start":{"line":186,"column":22},"end":{"line":186,"column":24}},"103":{"start":{"line":187,"column":4},"end":{"line":187,"column":77}},"104":{"start":{"line":187,"column":45},"end":{"line":187,"column":75}},"105":{"start":{"line":189,"column":4},"end":{"line":211,"column":7}},"106":{"start":{"line":190,"column":8},"end":{"line":190,"column":37}},"107":{"start":{"line":191,"column":8},"end":{"line":193,"column":9}},"108":{"start":{"line":192,"column":12},"end":{"line":192,"column":95}},"109":{"start":{"line":195,"column":8},"end":{"line":210,"column":9}},"110":{"start":{"line":196,"column":26},"end":{"line":196,"column":65}},"111":{"start":{"line":197,"column":33},"end":{"line":197,"column":68}},"112":{"start":{"line":197,"column":49},"end":{"line":197,"column":67}},"113":{"start":{"line":198,"column":12},"end":{"line":206,"column":13}},"114":{"start":{"line":199,"column":28},"end":{"line":199,"column":54}},"115":{"start":{"line":200,"column":16},"end":{"line":205,"column":19}},"116":{"start":{"line":207,"column":12},"end":{"line":207,"column":44}},"117":{"start":{"line":209,"column":12},"end":{"line":209,"column":80}},"118":{"start":{"line":213,"column":4},"end":{"line":219,"column":7}},"119":{"start":{"line":214,"column":8},"end":{"line":218,"column":9}},"120":{"start":{"line":215,"column":25},"end":{"line":215,"column":59}},"121":{"start":{"line":216,"column":12},"end":{"line":216,"column":33}},"122":{"start":{"line":217,"column":12},"end":{"line":217,"column":41}},"123":{"start":{"line":224,"column":0},"end":{"line":226,"column":1}},"124":{"start":{"line":225,"column":4},"end":{"line":225,"column":83}},"125":{"start":{"line":225,"column":27},"end":{"line":225,"column":81}}},"fnMap":{"0":{"name":"(anonymous_0)","decl":{"start":{"line":43,"column":10},"end":{"line":43,"column":13}},"loc":{"start":{"line":43,"column":16},"end":{"line":43,"column":47}}},"1":{"name":"(anonymous_1)","decl":{"start":{"line":60,"column":31},"end":{"line":60,"column":36}},"loc":{"start":{"line":60,"column":42},"end":{"line":82,"column":1}}},"2":{"name":"buildYtDlpArgs","decl":{"start":{"line":89,"column":16},"end":{"line":89,"column":30}},"loc":{"start":{"line":89,"column":88},"end":{"line":137,"column":1}}},"3":{"name":"(anonymous_3)","decl":{"start":{"line":139,"column":23},"end":{"line":139,"column":24}},"loc":{"start":{"line":139,"column":55},"end":{"line":146,"column":1}}},"4":{"name":"(anonymous_4)","decl":{"start":{"line":148,"column":24},"end":{"line":148,"column":25}},"loc":{"start":{"line":148,"column":56},"end":{"line":157,"column":1}}},"5":{"name":"(anonymous_5)","decl":{"start":{"line":159,"column":43},"end":{"line":159,"column":48}},"loc":{"start":{"line":159,"column":81},"end":{"line":220,"column":1}}},"6":{"name":"(anonymous_6)","decl":{"start":{"line":162,"column":25},"end":{"line":162,"column":26}},"loc":{"start":{"line":162,"column":68},"end":{"line":166,"column":5}}},"7":{"name":"(anonymous_7)","decl":{"start":{"line":171,"column":53},"end":{"line":171,"column":54}},"loc":{"start":{"line":171,"column":58},"end":{"line":171,"column":67}}},"8":{"name":"(anonymous_8)","decl":{"start":{"line":187,"column":35},"end":{"line":187,"column":36}},"loc":{"start":{"line":187,"column":45},"end":{"line":187,"column":75}}},"9":{"name":"(anonymous_9)","decl":{"start":{"line":189,"column":29},"end":{"line":189,"column":34}},"loc":{"start":{"line":189,"column":44},"end":{"line":211,"column":5}}},"10":{"name":"(anonymous_10)","decl":{"start":{"line":197,"column":44},"end":{"line":197,"column":45}},"loc":{"start":{"line":197,"column":49},"end":{"line":197,"column":67}}},"11":{"name":"(anonymous_11)","decl":{"start":{"line":213,"column":20},"end":{"line":213,"column":23}},"loc":{"start":{"line":213,"column":25},"end":{"line":219,"column":5}}},"12":{"name":"(anonymous_12)","decl":{"start":{"line":225,"column":21},"end":{"line":225,"column":24}},"loc":{"start":{"line":225,"column":27},"end":{"line":225,"column":81}}}},"branchMap":{"0":{"loc":{"start":{"line":18,"column":13},"end":{"line":18,"column":37}},"type":"binary-expr","locations":[{"start":{"line":18,"column":13},"end":{"line":18,"column":29}},{"start":{"line":18,"column":33},"end":{"line":18,"column":37}}]},"1":{"loc":{"start":{"line":19,"column":20},"end":{"line":19,"column":55}},"type":"binary-expr","locations":[{"start":{"line":19,"column":20},"end":{"line":19,"column":43}},{"start":{"line":19,"column":47},"end":{"line":19,"column":55}}]},"2":{"loc":{"start":{"line":20,"column":34},"end":{"line":20,"column":74}},"type":"binary-expr","locations":[{"start":{"line":20,"column":34},"end":{"line":20,"column":62}},{"start":{"line":20,"column":66},"end":{"line":20,"column":74}}]},"3":{"loc":{"start":{"line":21,"column":30},"end":{"line":21,"column":67}},"type":"binary-expr","locations":[{"start":{"line":21,"column":30},"end":{"line":21,"column":54}},{"start":{"line":21,"column":58},"end":{"line":21,"column":67}}]},"4":{"loc":{"start":{"line":22,"column":20},"end":{"line":22,"column":57}},"type":"binary-expr","locations":[{"start":{"line":22,"column":20},"end":{"line":22,"column":43}},{"start":{"line":22,"column":47},"end":{"line":22,"column":57}}]},"5":{"loc":{"start":{"line":47,"column":12},"end":{"line":47,"column":58}},"type":"binary-expr","locations":[{"start":{"line":47,"column":12},"end":{"line":47,"column":51}},{"start":{"line":47,"column":55},"end":{"line":47,"column":58}}]},"6":{"loc":{"start":{"line":56,"column":0},"end":{"line":58,"column":1}},"type":"if","locations":[{"start":{"line":56,"column":0},"end":{"line":58,"column":1}},{"start":{},"end":{}}]},"7":{"loc":{"start":{"line":66,"column":12},"end":{"line":66,"column":46}},"type":"if","locations":[{"start":{"line":66,"column":12},"end":{"line":66,"column":46}},{"start":{},"end":{}}]},"8":{"loc":{"start":{"line":70,"column":16},"end":{"line":73,"column":17}},"type":"if","locations":[{"start":{"line":70,"column":16},"end":{"line":73,"column":17}},{"start":{},"end":{}}]},"9":{"loc":{"start":{"line":78,"column":8},"end":{"line":78,"column":75}},"type":"if","locations":[{"start":{"line":78,"column":8},"end":{"line":78,"column":75}},{"start":{},"end":{}}]},"10":{"loc":{"start":{"line":85,"column":0},"end":{"line":87,"column":1}},"type":"if","locations":[{"start":{"line":85,"column":0},"end":{"line":87,"column":1}},{"start":{},"end":{}}]},"11":{"loc":{"start":{"line":97,"column":4},"end":{"line":100,"column":5}},"type":"if","locations":[{"start":{"line":97,"column":4},"end":{"line":100,"column":5}},{"start":{},"end":{}}]},"12":{"loc":{"start":{"line":102,"column":4},"end":{"line":105,"column":5}},"type":"if","locations":[{"start":{"line":102,"column":4},"end":{"line":105,"column":5}},{"start":{},"end":{}}]},"13":{"loc":{"start":{"line":107,"column":4},"end":{"line":110,"column":5}},"type":"if","locations":[{"start":{"line":107,"column":4},"end":{"line":110,"column":5}},{"start":{},"end":{}}]},"14":{"loc":{"start":{"line":112,"column":4},"end":{"line":115,"column":5}},"type":"if","locations":[{"start":{"line":112,"column":4},"end":{"line":115,"column":5}},{"start":{},"end":{}}]},"15":{"loc":{"start":{"line":117,"column":31},"end":{"line":117,"column":84}},"type":"cond-expr","locations":[{"start":{"line":117,"column":67},"end":{"line":117,"column":76}},{"start":{"line":117,"column":79},"end":{"line":117,"column":84}}]},"16":{"loc":{"start":{"line":117,"column":31},"end":{"line":117,"column":64}},"type":"binary-expr","locations":[{"start":{"line":117,"column":31},"end":{"line":117,"column":40}},{"start":{"line":117,"column":44},"end":{"line":117,"column":64}}]},"17":{"loc":{"start":{"line":118,"column":22},"end":{"line":118,"column":83}},"type":"cond-expr","locations":[{"start":{"line":118,"column":58},"end":{"line":118,"column":78}},{"start":{"line":118,"column":81},"end":{"line":118,"column":83}}]},"18":{"loc":{"start":{"line":118,"column":22},"end":{"line":118,"column":55}},"type":"binary-expr","locations":[{"start":{"line":118,"column":22},"end":{"line":118,"column":31}},{"start":{"line":118,"column":35},"end":{"line":118,"column":55}}]},"19":{"loc":{"start":{"line":121,"column":4},"end":{"line":124,"column":5}},"type":"if","locations":[{"start":{"line":121,"column":4},"end":{"line":124,"column":5}},{"start":{},"end":{}}]},"20":{"loc":{"start":{"line":121,"column":8},"end":{"line":121,"column":36}},"type":"binary-expr","locations":[{"start":{"line":121,"column":8},"end":{"line":121,"column":15}},{"start":{"line":121,"column":19},"end":{"line":121,"column":36}}]},"21":{"loc":{"start":{"line":123,"column":8},"end":{"line":123,"column":68}},"type":"if","locations":[{"start":{"line":123,"column":8},"end":{"line":123,"column":68}},{"start":{},"end":{}}]},"22":{"loc":{"start":{"line":127,"column":4},"end":{"line":129,"column":61}},"type":"if","locations":[{"start":{"line":127,"column":4},"end":{"line":129,"column":61}},{"start":{"line":128,"column":9},"end":{"line":129,"column":61}}]},"23":{"loc":{"start":{"line":128,"column":9},"end":{"line":129,"column":61}},"type":"if","locations":[{"start":{"line":128,"column":9},"end":{"line":129,"column":61}},{"start":{"line":129,"column":9},"end":{"line":129,"column":61}}]},"24":{"loc":{"start":{"line":129,"column":9},"end":{"line":129,"column":61}},"type":"if","locations":[{"start":{"line":129,"column":9},"end":{"line":129,"column":61}},{"start":{},"end":{}}]},"25":{"loc":{"start":{"line":150,"column":4},"end":{"line":155,"column":5}},"type":"if","locations":[{"start":{"line":150,"column":4},"end":{"line":155,"column":5}},{"start":{},"end":{}}]},"26":{"loc":{"start":{"line":150,"column":8},"end":{"line":150,"column":41}},"type":"binary-expr","locations":[{"start":{"line":150,"column":8},"end":{"line":150,"column":12}},{"start":{"line":150,"column":16},"end":{"line":150,"column":41}}]},"27":{"loc":{"start":{"line":163,"column":8},"end":{"line":163,"column":33}},"type":"if","locations":[{"start":{"line":163,"column":8},"end":{"line":163,"column":33}},{"start":{},"end":{}}]},"28":{"loc":{"start":{"line":170,"column":4},"end":{"line":176,"column":5}},"type":"if","locations":[{"start":{"line":170,"column":4},"end":{"line":176,"column":5}},{"start":{},"end":{}}]},"29":{"loc":{"start":{"line":191,"column":8},"end":{"line":193,"column":9}},"type":"if","locations":[{"start":{"line":191,"column":8},"end":{"line":193,"column":9}},{"start":{},"end":{}}]},"30":{"loc":{"start":{"line":198,"column":12},"end":{"line":206,"column":13}},"type":"if","locations":[{"start":{"line":198,"column":12},"end":{"line":206,"column":13}},{"start":{},"end":{}}]},"31":{"loc":{"start":{"line":214,"column":8},"end":{"line":218,"column":9}},"type":"if","locations":[{"start":{"line":214,"column":8},"end":{"line":218,"column":9}},{"start":{},"end":{}}]},"32":{"loc":{"start":{"line":214,"column":12},"end":{"line":214,"column":54}},"type":"binary-expr","locations":[{"start":{"line":214,"column":12},"end":{"line":214,"column":25}},{"start":{"line":214,"column":29},"end":{"line":214,"column":54}}]},"33":{"loc":{"start":{"line":224,"column":0},"end":{"line":226,"column":1}},"type":"if","locations":[{"start":{"line":224,"column":0},"end":{"line":226,"column":1}},{"start":{},"end":{}}]}},"s":{"0":2,"1":2,"2":2,"3":2,"4":2,"5":2,"6":2,"7":2,"8":2,"9":2,"10":2,"11":4,"12":2,"13":2,"14":2,"15":2,"16":2,"17":0,"18":2,"19":1,"20":1,"21":0,"22":0,"23":0,"24":0,"25":0,"26":0,"27":0,"28":0,"29":0,"30":0,"31":0,"32":0,"33":0,"34":0,"35":1,"36":2,"37":2,"38":2,"39":5,"40":5,"41":5,"42":5,"43":5,"44":5,"45":1,"46":1,"47":4,"48":1,"49":1,"50":3,"51":1,"52":1,"53":2,"54":1,"55":1,"56":1,"57":1,"58":1,"59":1,"60":0,"61":0,"62":0,"63":1,"64":1,"65":1,"66":0,"67":0,"68":0,"69":0,"70":1,"71":1,"72":1,"73":1,"74":2,"75":1,"76":2,"77":1,"78":1,"79":0,"80":0,"81":0,"82":0,"83":1,"84":2,"85":4,"86":4,"87":4,"88":0,"89":4,"90":4,"91":4,"92":4,"93":4,"94":5,"95":4,"96":0,"97":0,"98":0,"99":0,"100":0,"101":0,"102":0,"103":0,"104":0,"105":0,"106":0,"107":0,"108":0,"109":0,"110":0,"111":0,"112":0,"113":0,"114":0,"115":0,"116":0,"117":0,"118":0,"119":0,"120":0,"121":0,"122":0,"123":2,"124":0,"125":0},"f":{"0":4,"1":1,"2":5,"3":1,"4":1,"5":4,"6":4,"7":5,"8":0,"9":0,"10":0,"11":0,"12":0},"b":{"0":[2,2],"1":[2,2],"2":[2,2],"3":[2,2],"4":[2,2],"5":[2,2],"6":[0,2],"7":[0,0],"8":[0,0],"9":[0,0],"10":[2,0],"11":[1,4],"12":[1,3],"13":[1,2],"14":[1,1],"15":[1,0],"16":[1,1],"17":[1,0],"18":[1,1],"19":[0,1],"20":[1,1],"21":[0,0],"22":[1,0],"23":[0,0],"24":[0,0],"25":[0,1],"26":[1,1],"27":[0,4],"28":[4,0],"29":[0,0],"30":[0,0],"31":[0,0],"32":[0,0],"33":[0,2]}}
,"/Users/rahul/.gemini/antigravity/scratch/cobalt-clone/src/utils.ts": {"path":"/Users/rahul/.gemini/antigravity/scratch/cobalt-clone/src/utils.ts","statementMap":{"0":{"start":{"line":2,"column":26},"end":{"line":12,"column":6}},"1":{"start":{"line":14,"column":4},"end":{"line":16,"column":5}},"2":{"start":{"line":15,"column":8},"end":{"line":15,"column":49}},"3":{"start":{"line":15,"column":34},"end":{"line":15,"column":49}},"4":{"start":{"line":17,"column":4},"end":{"line":17,"column":68}}},"fnMap":{"0":{"name":"getSemanticError","decl":{"start":{"line":1,"column":16},"end":{"line":1,"column":32}},"loc":{"start":{"line":1,"column":47},"end":{"line":18,"column":1}}}},"branchMap":{"0":{"loc":{"start":{"line":15,"column":8},"end":{"line":15,"column":49}},"type":"if","locations":[{"start":{"line":15,"column":8},"end":{"line":15,"column":49}},{"start":{},"end":{}}]}},"s":{"0":4,"1":4,"2":22,"3":3,"4":1},"f":{"0":4},"b":{"0":[3,19]}}
,"/Users/rahul/.gemini/antigravity/scratch/cobalt-clone/src/validators.ts": {"path":"/Users/rahul/.gemini/antigravity/scratch/cobalt-clone/src/validators.ts","statementMap":{"0":{"start":{"line":3,"column":30},"end":{"line":9,"column":2}},"1":{"start":{"line":4,"column":56},"end":{"line":4,"column":103}}},"fnMap":{"0":{"name":"(anonymous_0)","decl":{"start":{"line":4,"column":51},"end":{"line":4,"column":52}},"loc":{"start":{"line":4,"column":56},"end":{"line":4,"column":103}}}},"branchMap":{"0":{"loc":{"start":{"line":4,"column":56},"end":{"line":4,"column":103}},"type":"binary-expr","locations":[{"start":{"line":4,"column":56},"end":{"line":4,"column":77}},{"start":{"line":4,"column":81},"end":{"line":4,"column":103}}]}},"s":{"0":2,"1":3},"f":{"0":3},"b":{"0":[3,3]}}
}
