TN:
SF:src/server.ts
FN:43,(anonymous_0)
FN:60,(anonymous_1)
FN:89,buildYtDlpArgs
FN:139,(anonymous_3)
FN:148,(anonymous_4)
FN:159,(anonymous_5)
FN:162,(anonymous_6)
FN:171,(anonymous_7)
FN:187,(anonymous_8)
FN:189,(anonymous_9)
FN:197,(anonymous_10)
FN:213,(anonymous_11)
FN:225,(anonymous_12)
FNF:13
FNH:8
FNDA:4,(anonymous_0)
FNDA:1,(anonymous_1)
FNDA:5,buildYtDlpArgs
FNDA:1,(anonymous_3)
FNDA:1,(anonymous_4)
FNDA:4,(anonymous_5)
FNDA:4,(anonymous_6)
FNDA:5,(anonymous_7)
FNDA:0,(anonymous_8)
FNDA:0,(anonymous_9)
FNDA:0,(anonymous_10)
FNDA:0,(anonymous_11)
FNDA:0,(anonymous_12)
DA:14,2
DA:15,2
DA:17,2
DA:18,2
DA:19,2
DA:20,2
DA:21,2
DA:22,2
DA:24,2
DA:27,2
DA:37,2
DA:43,4
DA:46,2
DA:52,2
DA:53,2
DA:55,2
DA:56,2
DA:57,0
DA:60,2
DA:61,1
DA:62,1
DA:63,0
DA:64,0
DA:65,0
DA:66,0
DA:67,0
DA:68,0
DA:69,0
DA:70,0
DA:71,0
DA:72,0
DA:75,0
DA:78,0
DA:80,1
DA:84,2
DA:85,2
DA:86,2
DA:90,5
DA:91,5
DA:92,5
DA:94,5
DA:95,5
DA:97,5
DA:98,1
DA:99,1
DA:102,4
DA:103,1
DA:104,1
DA:107,3
DA:108,1
DA:109,1
DA:112,2
DA:113,1
DA:114,1
DA:117,1
DA:118,1
DA:120,1
DA:121,1
DA:122,0
DA:123,0
DA:126,1
DA:127,1
DA:128,0
DA:129,0
DA:131,1
DA:133,1
DA:134,1
DA:136,1
DA:139,2
DA:140,1
DA:148,2
DA:149,1
DA:150,1
DA:151,0
DA:152,0
DA:153,0
DA:154,0
DA:156,1
DA:159,2
DA:160,4
DA:162,4
DA:163,4
DA:164,4
DA:165,4
DA:169,4
DA:170,4
DA:171,5
DA:172,4
DA:178,0
DA:179,0
DA:180,0
DA:181,0
DA:183,0
DA:184,0
DA:186,0
DA:187,0
DA:189,0
DA:190,0
DA:191,0
DA:192,0
DA:195,0
DA:196,0
DA:197,0
DA:198,0
DA:199,0
DA:200,0
DA:207,0
DA:209,0
DA:213,0
DA:214,0
DA:215,0
DA:216,0
DA:217,0
DA:224,2
DA:225,0
LF:115
LH:68
BRDA:18,0,0,2
BRDA:18,0,1,2
BRDA:19,1,0,2
BRDA:19,1,1,2
BRDA:20,2,0,2
BRDA:20,2,1,2
BRDA:21,3,0,2
BRDA:21,3,1,2
BRDA:22,4,0,2
BRDA:22,4,1,2
BRDA:47,5,0,2
BRDA:47,5,1,2
BRDA:56,6,0,0
BRDA:56,6,1,2
BRDA:66,7,0,0
BRDA:66,7,1,0
BRDA:70,8,0,0
BRDA:70,8,1,0
BRDA:78,9,0,0
BRDA:78,9,1,0
BRDA:85,10,0,2
BRDA:85,10,1,0
BRDA:97,11,0,1
BRDA:97,11,1,4
BRDA:102,12,0,1
BRDA:102,12,1,3
BRDA:107,13,0,1
BRDA:107,13,1,2
BRDA:112,14,0,1
BRDA:112,14,1,1
BRDA:117,15,0,1
BRDA:117,15,1,0
BRDA:117,16,0,1
BRDA:117,16,1,1
BRDA:118,17,0,1
BRDA:118,17,1,0
BRDA:118,18,0,1
BRDA:118,18,1,1
BRDA:121,19,0,0
BRDA:121,19,1,1
BRDA:121,20,0,1
BRDA:121,20,1,1
BRDA:123,21,0,0
BRDA:123,21,1,0
BRDA:127,22,0,1
BRDA:127,22,1,0
BRDA:128,23,0,0
BRDA:128,23,1,0
BRDA:129,24,0,0
BRDA:129,24,1,0
BRDA:150,25,0,0
BRDA:150,25,1,1
BRDA:150,26,0,1
BRDA:150,26,1,1
BRDA:163,27,0,0
BRDA:163,27,1,4
BRDA:170,28,0,4
BRDA:170,28,1,0
BRDA:191,29,0,0
BRDA:191,29,1,0
BRDA:198,30,0,0
BRDA:198,30,1,0
BRDA:214,31,0,0
BRDA:214,31,1,0
BRDA:214,32,0,0
BRDA:214,32,1,0
BRDA:224,33,0,0
BRDA:224,33,1,2
BRF:68
BRH:38
end_of_record
TN:
SF:src/utils.ts
FN:1,getSemanticError
FNF:1
FNH:1
FNDA:4,getSemanticError
DA:2,4
DA:14,4
DA:15,22
DA:17,1
LF:4
LH:4
BRDA:15,0,0,3
BRDA:15,0,1,19
BRF:2
BRH:2
end_of_record
TN:
SF:src/validators.ts
FN:4,(anonymous_0)
FNF:1
FNH:1
FNDA:3,(anonymous_0)
DA:3,2
DA:4,3
LF:2
LH:2
BRDA:4,0,0,3
BRDA:4,0,1,3
BRF:2
BRH:2
end_of_record
